  function.cpp
C:\Users\yanyu\Desktop\Project\QQBot V3\QQBot V3\include\hv\json.hpp(23033,19): error C2665: “nlohmann::detail::input_adapter”: 没有重载函数可以转换所有参数类型
C:\Users\yanyu\Desktop\Project\QQBot V3\QQBot V3\include\hv\json.hpp(5075,31): message : 可能是“nlohmann::detail::input_stream_adapter nlohmann::detail::input_adapter(std::istream &&)”
C:\Users\yanyu\Desktop\Project\QQBot V3\QQBot V3\include\hv\json.hpp(23033,19): message : “nlohmann::detail::input_stream_adapter nlohmann::detail::input_adapter(std::istream &&)”: 无法将参数 1 从“_Ty”转换为“std::istream &&”
          with
          [
              _Ty=std::string *
          ]
C:\Users\yanyu\Desktop\Project\QQBot V3\QQBot V3\include\hv\json.hpp(23033,56): message : 原因如下: 无法从“_Ty”转换为“std::istream”
          with
          [
              _Ty=std::string *
          ]
C:\Users\yanyu\Desktop\Project\QQBot V3\QQBot V3\include\hv\json.hpp(23033,56): message : “std::basic_istream<char,std::char_traits<char>>::basic_istream”: 没有重载函数可以转换所有参数类型
D:\App\Microsoft Visual Studio\2022\Preview\VC\Tools\MSVC\14.38.33030\include\istream(67,24): message : 可能是“std::basic_istream<char,std::char_traits<char>>::basic_istream(const std::basic_istream<char,std::char_traits<char>> &)”
C:\Users\yanyu\Desktop\Project\QQBot V3\QQBot V3\include\hv\json.hpp(23033,56): message : “std::basic_istream<char,std::char_traits<char>>::basic_istream(const std::basic_istream<char,std::char_traits<char>> &)”: 无法将参数 1 从“_Ty”转换为“const std::basic_istream<char,std::char_traits<char>> &”
          with
          [
              _Ty=std::string *
          ]
C:\Users\yanyu\Desktop\Project\QQBot V3\QQBot V3\include\hv\json.hpp(23033,56): message : 原因如下: 无法从“_Ty”转换为“const std::basic_istream<char,std::char_traits<char>>”
          with
          [
              _Ty=std::string *
          ]
C:\Users\yanyu\Desktop\Project\QQBot V3\QQBot V3\include\hv\json.hpp(23033,56): message : 转换要求第二个用户定义的转换运算符或构造函数
D:\App\Microsoft Visual Studio\2022\Preview\VC\Tools\MSVC\14.38.33030\include\istream(50,24): message : 或    “std::basic_istream<char,std::char_traits<char>>::basic_istream(std::basic_istream<char,std::char_traits<char>> &&) noexcept(false)”
C:\Users\yanyu\Desktop\Project\QQBot V3\QQBot V3\include\hv\json.hpp(23033,56): message : “std::basic_istream<char,std::char_traits<char>>::basic_istream(std::basic_istream<char,std::char_traits<char>> &&) noexcept(false)”: 无法将参数 1 从“_Ty”转换为“std::basic_istream<char,std::char_traits<char>> &&”
          with
          [
              _Ty=std::string *
          ]
C:\Users\yanyu\Desktop\Project\QQBot V3\QQBot V3\include\hv\json.hpp(23033,56): message : 原因如下: 无法从“_Ty”转换为“std::basic_istream<char,std::char_traits<char>>”
          with
          [
              _Ty=std::string *
          ]
C:\Users\yanyu\Desktop\Project\QQBot V3\QQBot V3\include\hv\json.hpp(23033,56): message : 转换要求第二个用户定义的转换运算符或构造函数
D:\App\Microsoft Visual Studio\2022\Preview\VC\Tools\MSVC\14.38.33030\include\istream(45,24): message : 或    “std::basic_istream<char,std::char_traits<char>>::basic_istream(std::_Uninitialized)”
C:\Users\yanyu\Desktop\Project\QQBot V3\QQBot V3\include\hv\json.hpp(23033,56): message : “std::basic_istream<char,std::char_traits<char>>::basic_istream(std::_Uninitialized)”: 无法将参数 1 从“_Ty”转换为“std::_Uninitialized”
          with
          [
              _Ty=std::string *
          ]
C:\Users\yanyu\Desktop\Project\QQBot V3\QQBot V3\include\hv\json.hpp(23033,56): message : 没有使该转换得以执行的上下文
C:\Users\yanyu\Desktop\Project\QQBot V3\QQBot V3\include\hv\json.hpp(23033,56): message : 尝试匹配参数列表“(_Ty)”时
          with
          [
              _Ty=std::string *
          ]
C:\Users\yanyu\Desktop\Project\QQBot V3\QQBot V3\include\hv\json.hpp(5070,31): message : 或    “nlohmann::detail::input_stream_adapter nlohmann::detail::input_adapter(std::istream &)”
C:\Users\yanyu\Desktop\Project\QQBot V3\QQBot V3\include\hv\json.hpp(23033,19): message : “nlohmann::detail::input_stream_adapter nlohmann::detail::input_adapter(std::istream &)”: 无法将参数 1 从“_Ty”转换为“std::istream &”
          with
          [
              _Ty=std::string *
          ]
C:\Users\yanyu\Desktop\Project\QQBot V3\QQBot V3\include\hv\json.hpp(5065,29): message : 或    “nlohmann::detail::file_input_adapter nlohmann::detail::input_adapter(FILE *)”
C:\Users\yanyu\Desktop\Project\QQBot V3\QQBot V3\include\hv\json.hpp(23033,19): message : “nlohmann::detail::file_input_adapter nlohmann::detail::input_adapter(FILE *)”: 无法将参数 1 从“_Ty”转换为“FILE *”
          with
          [
              _Ty=std::string *
          ]
C:\Users\yanyu\Desktop\Project\QQBot V3\QQBot V3\include\hv\json.hpp(23033,56): message : 指向的类型不相关; 转换需要 reinterpret_cast、C 样式强制转换或带圆括号的函数样式强制转换
C:\Users\yanyu\Desktop\Project\QQBot V3\QQBot V3\include\hv\json.hpp(5098,8): message : 或    “unknown-type nlohmann::detail::input_adapter(T (&)[N])”
C:\Users\yanyu\Desktop\Project\QQBot V3\QQBot V3\include\hv\json.hpp(23033,19): message : “unknown-type nlohmann::detail::input_adapter(T (&)[N])”: 无法从“_Ty”推导出“T (&)[N]”的 模板 参数
          with
          [
              _Ty=std::string *
          ]
C:\Users\yanyu\Desktop\Project\QQBot V3\QQBot V3\include\hv\json.hpp(5090,34): message : 或    “nlohmann::detail::contiguous_bytes_input_adapter nlohmann::detail::input_adapter(CharT)”
C:\Users\yanyu\Desktop\Project\QQBot V3\QQBot V3\include\hv\json.hpp(23033,19): message : “nlohmann::detail::contiguous_bytes_input_adapter nlohmann::detail::input_adapter(CharT)”: 无法推导“__formal”的 模板 参数
C:\Users\yanyu\Desktop\Project\QQBot V3\QQBot V3\include\hv\json.hpp(5055,8): message : 或    “unknown-type nlohmann::detail::input_adapter(const ContainerType &)”
C:\Users\yanyu\Desktop\Project\QQBot V3\QQBot V3\include\hv\json.hpp(23033,19): message : 未能使函数模板“unknown-type nlohmann::detail::input_adapter(const ContainerType &)”专用化
C:\Users\yanyu\Desktop\Project\QQBot V3\QQBot V3\include\hv\json.hpp(23033,19): message : 用下列模板参数:
C:\Users\yanyu\Desktop\Project\QQBot V3\QQBot V3\include\hv\json.hpp(23033,19): message : “ContainerType=_Ty”
C:\Users\yanyu\Desktop\Project\QQBot V3\QQBot V3\include\hv\json.hpp(5055,86): message : “begin”: 未找到匹配的重载函数
D:\App\Microsoft Visual Studio\2022\Preview\VC\Tools\MSVC\14.38.33030\include\valarray(608,23): message : 可能是“const _Ty *std::begin(const std::valarray<_Ty> &) noexcept”
D:\App\Microsoft Visual Studio\2022\Preview\VC\Tools\MSVC\14.38.33030\include\valarray(603,17): message : 或    “_Ty *std::begin(std::valarray<_Ty> &) noexcept”
D:\App\Microsoft Visual Studio\2022\Preview\VC\Tools\MSVC\14.38.33030\include\xutility(1820,27): message : 或    “_Ty *std::begin(_Ty (&)[_Size]) noexcept”
D:\App\Microsoft Visual Studio\2022\Preview\VC\Tools\MSVC\14.38.33030\include\xutility(1802,30): message : 或    “unknown-type std::begin(const _Container &) noexcept(<expr>)”
D:\App\Microsoft Visual Studio\2022\Preview\VC\Tools\MSVC\14.38.33030\include\xutility(1796,30): message : 或    “unknown-type std::begin(_Container &) noexcept(<expr>)”
D:\App\Microsoft Visual Studio\2022\Preview\VC\Tools\MSVC\14.38.33030\include\initializer_list(54,35): message : 或    “const _Elem *std::begin(std::initializer_list<_Elem>) noexcept”
C:\Users\yanyu\Desktop\Project\QQBot V3\QQBot V3\include\hv\json.hpp(5047,71): message : 或    “iterator_input_adapter_factory<IteratorType,void>::adapter_type nlohmann::detail::input_adapter(IteratorType,IteratorType)”
C:\Users\yanyu\Desktop\Project\QQBot V3\QQBot V3\include\hv\json.hpp(23033,19): message : “iterator_input_adapter_factory<IteratorType,void>::adapter_type nlohmann::detail::input_adapter(IteratorType,IteratorType)”: 应输入 2 个参数，却提供了 1 个
C:\Users\yanyu\Desktop\Project\QQBot V3\QQBot V3\include\hv\json.hpp(23033,19): message : 尝试匹配参数列表“(_Ty)”时
          with
          [
              _Ty=std::string *
          ]
C:\Users\yanyu\Desktop\Project\QQBot V3\QQBot V3\include\hv\json.hpp(23033,19): message : 模板实例化上下文(最早的实例化上下文)为
C:\Users\yanyu\Desktop\Project\QQBot V3\QQBot V3\include\function\function.cpp(130,40): message : 查看对正在编译的函数 模板 实例化“nlohmann::basic_json<std::map,std::vector,std::string,bool,int64_t,uint64_t,double,std::allocator,nlohmann::adl_serializer,std::vector<uint8_t,std::allocator<uint8_t>>> nlohmann::basic_json<std::map,std::vector,std::string,bool,int64_t,uint64_t,double,std::allocator,nlohmann::adl_serializer,std::vector<uint8_t,std::allocator<uint8_t>>>::parse<std::string*>(InputType &&,const std::function<bool (int,nlohmann::detail::parse_event_t,nlohmann::basic_json<std::map,std::vector,std::string,bool,int64_t,uint64_t,double,std::allocator,nlohmann::adl_serializer,std::vector<uint8_t,std::allocator<uint8_t>>> &)>,const bool,const bool)”的引用
          with
          [
              InputType=std::string *
          ]
C:\Users\yanyu\Desktop\Project\QQBot V3\QQBot V3\include\function\function.cpp(130,22): message : 请参阅 "qqBot::ftalkBan" 中对 "nlohmann::basic_json<std::map,std::vector,std::string,bool,int64_t,uint64_t,double,std::allocator,nlohmann::adl_serializer,std::vector<uint8_t,std::allocator<uint8_t>>>::parse" 的第一个引用
  str.cpp
C:\Users\yanyu\Desktop\Project\QQBot V3\QQBot V3\include\string\str.cpp(1,1): warning C4819: 该文件包含不能在当前代码页(936)中表示的字符。请将该文件保存为 Unicode 格式以防止数据丢失
C:\Users\yanyu\Desktop\Project\QQBot V3\QQBot V3\include\string\str.cpp(17,14): warning C4267: “初始化”: 从“size_t”转换到“int”，可能丢失数据
C:\Users\yanyu\Desktop\Project\QQBot V3\QQBot V3\include\string\str.cpp(25,14): warning C4267: “初始化”: 从“size_t”转换到“int”，可能丢失数据
C:\Users\yanyu\Desktop\Project\QQBot V3\QQBot V3\include\string\str.cpp(33,14): warning C4267: “初始化”: 从“size_t”转换到“int”，可能丢失数据
C:\Users\yanyu\Desktop\Project\QQBot V3\QQBot V3\include\string\str.cpp(105,15): warning C4267: “初始化”: 从“size_t”转换到“int”，可能丢失数据
C:\Users\yanyu\Desktop\Project\QQBot V3\QQBot V3\include\string\str.cpp(122,14): warning C4267: “初始化”: 从“size_t”转换到“int”，可能丢失数据
  正在生成代码...
C:\Users\yanyu\Desktop\Project\QQBot V3\QQBot V3\include\string\str.cpp(98): warning C4715: “str::BotFunction::CqCode_String”: 不是所有的控件路径都返回值
